This is pdfTeX, Version 3.141592653-2.6-1.40.25 (TeX Live 2023/Arch Linux) (preloaded format=pdflatex 2024.1.14)  5 FEB 2024 20:38
entering extended mode
 restricted \write18 enabled.
 file:line:error style messages enabled.
 %&-line parsing enabled.
**/home/frank/Documents/Thesis_UW_2023/uwthesis.tex
(/home/frank/Documents/Thesis_UW_2023/uwthesis.tex
LaTeX2e <2022-11-01> patch level 1
L3 programming layer <2023-02-22> (./uwthesis.cls
Document Class: uwthesis 2020/02/24
\tf@not=\write3
(/usr/share/texmf-dist/tex/latex/base/book.cls
Document Class: book 2022/07/02 v1.4n Standard LaTeX document class
(/usr/share/texmf-dist/tex/latex/base/bk12.clo
File: bk12.clo 2022/07/02 v1.4n Standard LaTeX file (size option)
)
\c@part=\count185
\c@chapter=\count186
\c@section=\count187
\c@subsection=\count188
\c@subsubsection=\count189
\c@paragraph=\count190
\c@subparagraph=\count191
\c@figure=\count192
\c@table=\count193
\abovecaptionskip=\skip48
\belowcaptionskip=\skip49
\bibindent=\dimen140
)
Formatting for ProQuest
\botmargin=\dimen141
\@@wholepage=\box51
\@Chair=\count194
\@Sign=\count195
\abs@savebox=\box52
) (/usr/share/texmf-dist/tex/latex/base/alltt.sty
Package: alltt 2021/01/29 v2.0g defines alltt environment
) (/usr/share/texmf-dist/tex/latex/l3backend/l3backend-pdftex.def
File: l3backend-pdftex.def 2023-01-16 L3 backend support: PDF output (pdfTeX)
\l__color_backend_stack_int=\count196
\l__pdf_internal_box=\box53
) (./uwthesis.aux)
\openout1 = `uwthesis.aux'.

LaTeX Font Info:    Checking defaults for OML/cmm/m/it on input line 74.
LaTeX Font Info:    ... okay on input line 74.
LaTeX Font Info:    Checking defaults for OMS/cmsy/m/n on input line 74.
LaTeX Font Info:    ... okay on input line 74.
LaTeX Font Info:    Checking defaults for OT1/cmr/m/n on input line 74.
LaTeX Font Info:    ... okay on input line 74.
LaTeX Font Info:    Checking defaults for T1/cmr/m/n on input line 74.
LaTeX Font Info:    ... okay on input line 74.
LaTeX Font Info:    Checking defaults for TS1/cmr/m/n on input line 74.
LaTeX Font Info:    ... okay on input line 74.
LaTeX Font Info:    Checking defaults for OMX/cmex/m/n on input line 74.
LaTeX Font Info:    ... okay on input line 74.
LaTeX Font Info:    Checking defaults for U/cmr/m/n on input line 74.
LaTeX Font Info:    ... okay on input line 74.
 [1


{/var/lib/texmf/fonts/map/pdftex/updmap/pdftex.map}{/usr/share/texmf-dist/fonts/enc/dvips/cm-super/cm-super-ts1.enc}] [-1

] [0

] [1] (./uwthesis.toc
LaTeX Font Info:    External font `cmex10' loaded for size
(Font)              <12> on input line 1.
LaTeX Font Info:    External font `cmex10' loaded for size
(Font)              <8> on input line 1.
LaTeX Font Info:    External font `cmex10' loaded for size
(Font)              <6> on input line 1.
)
\tf@toc=\write4
\openout4 = `uwthesis.toc'.

 [1



] (./uwthesis.lof)
\tf@lof=\write5
\openout5 = `uwthesis.lof'.

 [2

]
<<1>>
(./sections/goals_vision.tex [1



]) (./sections/success_criteria.tex [2]) (./sections/methodology.tex
Overfull \hbox (2.50703pt too wide) in paragraph at lines 1--2
\OT1/cmr/m/n/12 The project method-ol-ogy is de-signed to sys-tem-at-i-cally ad-dress the re-search ob-jec-tives through
 []

) [3] [4]
<<2>>
(./sections/literature_review.tex
Underfull \vbox (badness 1033) has occurred while \output is active []

 [5

]) (./uwthesis.bbl [6]) [7

] (./uwthesis.aux) ) 
Here is how much of TeX's memory you used:
 700 strings out of 477985
 12129 string characters out of 5840058
 1855388 words of memory out of 5000000
 20938 multiletter control sequences out of 15000+600000
 517629 words of font info for 49 fonts, out of 8000000 for 9000
 14 hyphenation exceptions out of 8191
 46i,5n,52p,1840b,224s stack positions out of 10000i,1000n,20000p,200000b,200000s
</usr/share/texmf-dist/fonts/type1/public/amsfonts/cm/cmbx12.pfb></usr/share/texmf-dist/fonts/type1/public/amsfonts/cm/cmbxsl10.pfb></usr/share/texmf-dist/fonts/type1/public/amsfonts/cm/cmr12.pfb></usr/share/texmf-dist/fonts/type1/public/amsfonts/cm/cmr17.pfb></usr/share/texmf-dist/fonts/type1/public/amsfonts/cm/cmti12.pfb></usr/share/texmf-dist/fonts/type1/public/cm-super/sfrm1200.pfb>
Output written on uwthesis.pdf (13 pages, 105443 bytes).
PDF statistics:
 78 PDF objects out of 1000 (max. 8388607)
 50 compressed objects within 1 object stream
 0 named destinations out of 1000 (max. 500000)
 1 words of extra memory for PDF output out of 10000 (max. 10000000)

